#
# A fatal error has been detected by the Java Runtime Environment:
#
#  EXCEPTION_ACCESS_VIOLATION (0xc0000005) at pc=0x00007fff37ac131b, pid=18248, tid=6724
#
# JRE version: OpenJDK Runtime Environment Temurin-17.0.9+9 (17.0.9+9) (build 17.0.9+9)
# Java VM: OpenJDK 64-Bit Server VM Temurin-17.0.9+9 (17.0.9+9, mixed mode, sharing, tiered, compressed oops, compressed class ptrs, g1 gc, windows-amd64)
# Problematic frame:
# C  [atio6axx.dll+0x5131b]
#
# No core dump will be written. Minidumps are not enabled by default on client versions of Windows
#
# If you would like to submit a bug report, please visit:
#   https://github.com/adoptium/adoptium-support/issues
# The crash happened outside the Java Virtual Machine in native code.
# See problematic frame for where to report the bug.
#

---------------  S U M M A R Y ------------

Command Line: -javaagent:C:\Users\super\AppData\Local\Programs\IntelliJ IDEA Ultimate\lib\idea_rt.jar=51973:C:\Users\super\AppData\Local\Programs\IntelliJ IDEA Ultimate\bin -Dfile.encoding=UTF-8 me.alex_s168.MainKt

Host: AMD Ryzen 5 7600X 6-Core Processor             , 12 cores, 31G,  Windows 10 , 64 bit Build 19041 (10.0.19041.3636)
Time: Thu Dec 28 18:59:12 2023 W. Europe Standard Time elapsed time: 0.470254 seconds (0d 0h 0m 0s)

---------------  T H R E A D  ---------------

Current thread (0x000002094cb086f0):  JavaThread "main" [_thread_in_native, id=6724, stack(0x00000029e8900000,0x00000029e8a00000)]

Stack: [0x00000029e8900000,0x00000029e8a00000],  sp=0x00000029e89feb88,  free space=1018k
Native frames: (J=compiled Java code, j=interpreted, Vv=VM code, C=native code)
C  [atio6axx.dll+0x5131b]

Java frames: (J=compiled Java code, j=interpreted, Vv=VM code)
j  org.lwjgl.opengl.GL15C.nglBufferData(IJJI)V+0
j  org.lwjgl.opengl.GL15C.glBufferData(ILjava/nio/ByteBuffer;I)V+11
j  org.lwjgl.opengl.GL15.glBufferData(ILjava/nio/ByteBuffer;I)V+3
j  me.alex_s168.rend3d.graphics.data.UploadTargetContext.finalize$rend3d()V+60
j  me.alex_s168.rend3d.graphics.data.GPUBufferObject.bufferData(Lme/alex_s168/rend3d/graphics/data/GPUBufferObject$Usage;ILkotlin/jvm/functions/Function1;)V+45
j  me.alex_s168.rend3d.graphics.data.UploadTarget$DefaultImpls.bufferData$default(Lme/alex_s168/rend3d/graphics/data/UploadTarget;Lme/alex_s168/rend3d/graphics/data/GPUBufferObject$Usage;ILkotlin/jvm/functions/Function1;ILjava/lang/Object;)V+30
j  me.alex_s168.rend3d.graphics.renderable.MeshRender$initRender$1.invoke(Lme/alex_s168/rend3d/graphics/data/VertexArrayObject;)V+51
j  me.alex_s168.rend3d.graphics.renderable.MeshRender$initRender$1.invoke(Ljava/lang/Object;)Ljava/lang/Object;+5
j  me.alex_s168.rend3d.graphics.data.VertexArrayObject.execute(Lkotlin/jvm/functions/Function1;)V+12
j  me.alex_s168.rend3d.graphics.renderable.MeshRender.initRender()V+37
j  me.alex_s168.MainKt.main()V+308
j  me.alex_s168.MainKt.main([Ljava/lang/String;)V+0
v  ~StubRoutines::call_stub

siginfo: EXCEPTION_ACCESS_VIOLATION (0xc0000005), reading address 0x0000000000000010


Registers:
RAX=0x00007fff37ac131b, RBX=0x0000000000000000, RCX=0x0000020984b793b8, RDX=0x0000000000000010
RSP=0x00000029e89feb88, RBP=0x0000020984a4be80, RSI=0x0000020984906080, RDI=0x0000020984b79388
R8 =0x0000000000000024, R9 =0x00007fff37a70000, R10=0x000000000000000d, R11=0x0000000000000140
R12=0x0000000000000080, R13=0x0000000000000000, R14=0x0000000000000000, R15=0x0000000000000028
RIP=0x00007fff37ac131b, EFLAGS=0x0000000000010206


Register to memory mapping:

RIP=0x00007fff37ac131b atio6axx.dll
RAX=0x00007fff37ac131b atio6axx.dll
RBX=0x0 is NULL
RCX=0x0000020984b793b8 points into unknown readable memory: 0x0000000000000000 | 00 00 00 00 00 00 00 00
RDX=0x0000000000000010 is an unknown value
RSP=0x00000029e89feb88 is pointing into the stack for thread: 0x000002094cb086f0
RBP=0x0000020984a4be80 points into unknown readable memory: 0x0000020984b72040 | 40 20 b7 84 09 02 00 00
RSI=0x0000020984906080 points into unknown readable memory: 0x00007fff3afe8ca8 | a8 8c fe 3a ff 7f 00 00
RDI=0x0000020984b79388 points into unknown readable memory: 0x0000000000000000 | 00 00 00 00 00 00 00 00
R8 =0x0000000000000024 is an unknown value
R9 =0x00007fff37a70000 atio6axx.dll
R10=0x000000000000000d is an unknown value
R11=0x0000000000000140 is an unknown value
R12=0x0000000000000080 is an unknown value
R13=0x0 is NULL
R14=0x0 is NULL
R15=0x0000000000000028 is an unknown value


Top of Stack: (sp=0x00000029e89feb88)
0x00000029e89feb88:   00007fff37fcfe5e 0000000000000000
0x00000029e89feb98:   000002095bb8b180 0000020900000400
0x00000029e89feba8:   00000029e89febb0 0000000000000024
0x00000029e89febb8:   0000020984b79388 0000000000000058
0x00000029e89febc8:   0000020984b793b8 0000000000000080
0x00000029e89febd8:   00000000000088e4 0000000000000010
0x00000029e89febe8:   0000000000000010 0000000000008892
0x00000029e89febf8:   0000000000008892 0000020983cfa378
0x00000029e89fec08:   0000000000000024 0000020984906080
0x00000029e89fec18:   00007fff37fc624f 0000020984906080
0x00000029e89fec28:   0000020900008892 0000000000000024
0x00000029e89fec38:   0000000000000010 00000209000088e4
0x00000029e89fec48:   000002094cb086f0 0000000200000006
0x00000029e89fec58:   0000020900000004 0000020984906080
0x00000029e89fec68:   0000000000000024 0000020949ceb478
0x00000029e89fec78:   00007fff37fc7c6c 00000000000088e4
0x00000029e89fec88:   0000000000000000 0000020983cfa378
0x00000029e89fec98:   000002097a65df40 0000000000000010
0x00000029e89feca8:   00007fff000088e4 0000000000157700
0x00000029e89fecb8:   000002095bb8c671 0000020984906080
0x00000029e89fecc8:   000002094cb086f0 000002097a65df00
0x00000029e89fecd8:   0000020949ceb478 0000000000000000
0x00000029e89fece8:   000002095bb6d48e 000002094cb086f0
0x00000029e89fecf8:   00000029e89fee00 000002097a65df40
0x00000029e89fed08:   0000000000000000 0000000000000010
0x00000029e89fed18:   000002095bb6d621 000002097a65df40
0x00000029e89fed28:   00000029e89fedb8 0000000000000010
0x00000029e89fed38:   000002095bb6d33c 0000000000000010
0x00000029e89fed48:   00000000000088e4 0000000000000ba0
0x00000029e89fed58:   00007fff3094c39e 3ff0000000000000
0x00000029e89fed68:   000002095bb6d2f6 00000029e89fed70
0x00000029e89fed78:   000002097a65df40 00000029e89fee00 

Instructions: (pc=0x00007fff37ac131b)
0x00007fff37ac121b:   11 49 10 0f b7 42 18 66 89 41 18 c3 0f 10 02 0f
0x00007fff37ac122b:   11 01 f2 0f 10 4a 10 f2 0f 11 49 10 0f b7 42 18
0x00007fff37ac123b:   66 89 41 18 0f b6 42 1a 88 41 1a c3 0f 10 02 0f
0x00007fff37ac124b:   11 01 f2 0f 10 4a 10 f2 0f 11 49 10 8b 42 18 89
0x00007fff37ac125b:   41 18 c3 0f 10 02 0f 11 01 f2 0f 10 4a 10 f2 0f
0x00007fff37ac126b:   11 49 10 8b 42 18 89 41 18 0f b6 42 1c 88 41 1c
0x00007fff37ac127b:   c3 0f 10 02 0f 11 01 f2 0f 10 4a 10 f2 0f 11 49
0x00007fff37ac128b:   10 8b 42 18 89 41 18 0f b7 42 1c 66 89 41 1c c3
0x00007fff37ac129b:   0f 10 02 0f 11 01 f2 0f 10 4a 10 f2 0f 11 49 10
0x00007fff37ac12ab:   8b 42 18 89 41 18 0f b7 42 1c 66 89 41 1c 0f b6
0x00007fff37ac12bb:   42 1e 88 41 1e c3 0f 10 02 0f 11 01 0f 10 4a 10
0x00007fff37ac12cb:   0f 11 49 10 c3 0f 10 02 0f 11 01 0f 10 4a 10 0f
0x00007fff37ac12db:   11 49 10 0f b6 42 20 88 41 20 c3 0f 10 02 0f 11
0x00007fff37ac12eb:   01 0f 10 4a 10 0f 11 49 10 0f b7 42 20 66 89 41
0x00007fff37ac12fb:   20 c3 0f 10 02 0f 11 01 0f 10 4a 10 0f 11 49 10
0x00007fff37ac130b:   0f b7 42 20 66 89 41 20 0f b6 42 22 88 41 22 c3
0x00007fff37ac131b:   0f 10 02 0f 11 01 0f 10 4a 10 0f 11 49 10 8b 42
0x00007fff37ac132b:   20 89 41 20 c3 0f 10 02 0f 11 01 0f 10 4a 10 0f
0x00007fff37ac133b:   11 49 10 8b 42 20 89 41 20 0f b6 42 24 88 41 24
0x00007fff37ac134b:   c3 0f 10 02 0f 11 01 0f 10 4a 10 0f 11 49 10 8b
0x00007fff37ac135b:   42 20 89 41 20 0f b7 42 24 66 89 41 24 c3 0f 10
0x00007fff37ac136b:   02 0f 11 01 0f 10 4a 10 0f 11 49 10 8b 42 20 89
0x00007fff37ac137b:   41 20 0f b7 42 24 66 89 41 24 0f b6 42 26 88 41
0x00007fff37ac138b:   26 c3 0f 10 02 0f 11 01 0f 10 4a 10 0f 11 49 10
0x00007fff37ac139b:   f2 0f 10 42 20 f2 0f 11 41 20 c3 0f 10 02 0f 11
0x00007fff37ac13ab:   01 0f 10 4a 10 0f 11 49 10 f2 0f 10 42 20 f2 0f
0x00007fff37ac13bb:   11 41 20 0f b6 42 28 88 41 28 c3 0f 10 02 0f 11
0x00007fff37ac13cb:   01 0f 10 4a 10 0f 11 49 10 f2 0f 10 42 20 f2 0f
0x00007fff37ac13db:   11 41 20 0f b7 42 28 66 89 41 28 c3 0f 10 02 0f
0x00007fff37ac13eb:   11 01 0f 10 4a 10 0f 11 49 10 f2 0f 10 42 20 f2
0x00007fff37ac13fb:   0f 11 41 20 0f b7 42 28 66 89 41 28 0f b6 42 2a
0x00007fff37ac140b:   88 41 2a c3 0f 10 02 0f 11 01 0f 10 4a 10 0f 11 


Stack slot to memory mapping:
stack at sp + 0 slots: 0x00007fff37fcfe5e atio6axx.dll
stack at sp + 1 slots: 0x0 is NULL
stack at sp + 2 slots: 0x000002095bb8b180 is at code_begin+0 in 
[CodeBlob (0x000002095bb8b110)]
Framesize: 0
BufferBlob (0x000002095bb8b110) used for Signature Handler Temp Buffer
stack at sp + 3 slots: 0x0000020900000400 is pointing into metadata
stack at sp + 4 slots: 0x00000029e89febb0 is pointing into the stack for thread: 0x000002094cb086f0
stack at sp + 5 slots: 0x0000000000000024 is an unknown value
stack at sp + 6 slots: 0x0000020984b79388 points into unknown readable memory: 0x0000000000000000 | 00 00 00 00 00 00 00 00
stack at sp + 7 slots: 0x0000000000000058 is an unknown value


---------------  P R O C E S S  ---------------

Threads class SMR info:
_java_thread_list=0x0000020979860b30, length=13, elements={
0x000002094cb086f0, 0x0000020976ac9d90, 0x0000020976aca950, 0x0000020976adba20,
0x0000020976adc4f0, 0x0000020976adeec0, 0x0000020976adf880, 0x0000020976ae3b20,
0x0000020976b0d600, 0x0000020976b0e810, 0x0000020976ab4280, 0x00000209798c0730,
0x00000209798c0c10
}

Java Threads: ( => current thread )
=>0x000002094cb086f0 JavaThread "main" [_thread_in_native, id=6724, stack(0x00000029e8900000,0x00000029e8a00000)]
  0x0000020976ac9d90 JavaThread "Reference Handler" daemon [_thread_blocked, id=16436, stack(0x00000029e9000000,0x00000029e9100000)]
  0x0000020976aca950 JavaThread "Finalizer" daemon [_thread_blocked, id=17568, stack(0x00000029e9100000,0x00000029e9200000)]
  0x0000020976adba20 JavaThread "Signal Dispatcher" daemon [_thread_blocked, id=21128, stack(0x00000029e9200000,0x00000029e9300000)]
  0x0000020976adc4f0 JavaThread "Attach Listener" daemon [_thread_blocked, id=3004, stack(0x00000029e9300000,0x00000029e9400000)]
  0x0000020976adeec0 JavaThread "Service Thread" daemon [_thread_blocked, id=9100, stack(0x00000029e9400000,0x00000029e9500000)]
  0x0000020976adf880 JavaThread "Monitor Deflation Thread" daemon [_thread_blocked, id=4212, stack(0x00000029e9500000,0x00000029e9600000)]
  0x0000020976ae3b20 JavaThread "C2 CompilerThread0" daemon [_thread_blocked, id=17240, stack(0x00000029e9600000,0x00000029e9700000)]
  0x0000020976b0d600 JavaThread "C1 CompilerThread0" daemon [_thread_blocked, id=3856, stack(0x00000029e9700000,0x00000029e9800000)]
  0x0000020976b0e810 JavaThread "Sweeper thread" daemon [_thread_blocked, id=11528, stack(0x00000029e9800000,0x00000029e9900000)]
  0x0000020976ab4280 JavaThread "Common-Cleaner" daemon [_thread_blocked, id=20912, stack(0x00000029e9900000,0x00000029e9a00000)]
  0x00000209798c0730 JavaThread "Monitor Ctrl-Break" daemon [_thread_in_native, id=3196, stack(0x00000029e9a00000,0x00000029e9b00000)]
  0x00000209798c0c10 JavaThread "Notification Thread" daemon [_thread_blocked, id=11560, stack(0x00000029e9b00000,0x00000029e9c00000)]

Other Threads:
  0x0000020976ac6a30 VMThread "VM Thread" [stack: 0x00000029e8f00000,0x00000029e9000000] [id=3928]
  0x00000209798bf980 WatcherThread [stack: 0x00000029e9c00000,0x00000029e9d00000] [id=18204]
  0x000002094cbbc8c0 GCTaskThread "GC Thread#0" [stack: 0x00000029e8a00000,0x00000029e8b00000] [id=3740]
  0x000002094cbcd610 ConcurrentGCThread "G1 Main Marker" [stack: 0x00000029e8b00000,0x00000029e8c00000] [id=21104]
  0x000002094cbce7d0 ConcurrentGCThread "G1 Conc#0" [stack: 0x00000029e8c00000,0x00000029e8d00000] [id=1976]
  0x00000209769fc760 ConcurrentGCThread "G1 Refine#0" [stack: 0x00000029e8d00000,0x00000029e8e00000] [id=18692]
  0x00000209769fe1a0 ConcurrentGCThread "G1 Service" [stack: 0x00000029e8e00000,0x00000029e8f00000] [id=11492]

Threads with active compile tasks:

VM state: not at safepoint (normal execution)

VM Mutex/Monitor currently owned by a thread: None

Heap address: 0x0000000604000000, size: 8128 MB, Compressed Oops mode: Zero based, Oop shift amount: 3

CDS archive(s) mapped at: [0x0000020900000000-0x0000020900ba0000-0x0000020900ba0000), size 12189696, SharedBaseAddress: 0x0000020900000000, ArchiveRelocationMode: 1.
Compressed class space mapped at: 0x0000020901000000-0x0000020941000000, reserved size: 1073741824
Narrow klass base: 0x0000020900000000, Narrow klass shift: 0, Narrow klass range: 0x100000000

GC Precious Log:
 CPUs: 12 total, 12 available
 Memory: 32498M
 Large Page Support: Disabled
 NUMA Support: Disabled
 Compressed Oops: Enabled (Zero based)
 Heap Region Size: 4M
 Heap Min Capacity: 8M
 Heap Initial Capacity: 508M
 Heap Max Capacity: 8128M
 Pre-touch: Disabled
 Parallel Workers: 10
 Concurrent Workers: 3
 Concurrent Refinement Workers: 10
 Periodic GC: Disabled

Heap:
 garbage-first heap   total 520192K, used 12288K [0x0000000604000000, 0x0000000800000000)
  region size 4096K, 4 young (16384K), 0 survivors (0K)
 Metaspace       used 6032K, committed 6208K, reserved 1114112K
  class space    used 334K, committed 448K, reserved 1048576K

Heap Regions: E=young(eden), S=young(survivor), O=old, HS=humongous(starts), HC=humongous(continues), CS=collection set, F=free, OA=open archive, CA=closed archive, TAMS=top-at-mark-start (previous, next)
|   0|0x0000000604000000, 0x0000000604000000, 0x0000000604400000|  0%| F|  |TAMS 0x0000000604000000, 0x0000000604000000| Untracked 
|   1|0x0000000604400000, 0x0000000604400000, 0x0000000604800000|  0%| F|  |TAMS 0x0000000604400000, 0x0000000604400000| Untracked 
|   2|0x0000000604800000, 0x0000000604800000, 0x0000000604c00000|  0%| F|  |TAMS 0x0000000604800000, 0x0000000604800000| Untracked 
|   3|0x0000000604c00000, 0x0000000604c00000, 0x0000000605000000|  0%| F|  |TAMS 0x0000000604c00000, 0x0000000604c00000| Untracked 
|   4|0x0000000605000000, 0x0000000605000000, 0x0000000605400000|  0%| F|  |TAMS 0x0000000605000000, 0x0000000605000000| Untracked 
|   5|0x0000000605400000, 0x0000000605400000, 0x0000000605800000|  0%| F|  |TAMS 0x0000000605400000, 0x0000000605400000| Untracked 
|   6|0x0000000605800000, 0x0000000605800000, 0x0000000605c00000|  0%| F|  |TAMS 0x0000000605800000, 0x0000000605800000| Untracked 
|   7|0x0000000605c00000, 0x0000000605c00000, 0x0000000606000000|  0%| F|  |TAMS 0x0000000605c00000, 0x0000000605c00000| Untracked 
|   8|0x0000000606000000, 0x0000000606000000, 0x0000000606400000|  0%| F|  |TAMS 0x0000000606000000, 0x0000000606000000| Untracked 
|   9|0x0000000606400000, 0x0000000606400000, 0x0000000606800000|  0%| F|  |TAMS 0x0000000606400000, 0x0000000606400000| Untracked 
|  10|0x0000000606800000, 0x0000000606800000, 0x0000000606c00000|  0%| F|  |TAMS 0x0000000606800000, 0x0000000606800000| Untracked 
|  11|0x0000000606c00000, 0x0000000606c00000, 0x0000000607000000|  0%| F|  |TAMS 0x0000000606c00000, 0x0000000606c00000| Untracked 
|  12|0x0000000607000000, 0x0000000607000000, 0x0000000607400000|  0%| F|  |TAMS 0x0000000607000000, 0x0000000607000000| Untracked 
|  13|0x0000000607400000, 0x0000000607400000, 0x0000000607800000|  0%| F|  |TAMS 0x0000000607400000, 0x0000000607400000| Untracked 
|  14|0x0000000607800000, 0x0000000607800000, 0x0000000607c00000|  0%| F|  |TAMS 0x0000000607800000, 0x0000000607800000| Untracked 
|  15|0x0000000607c00000, 0x0000000607c00000, 0x0000000608000000|  0%| F|  |TAMS 0x0000000607c00000, 0x0000000607c00000| Untracked 
|  16|0x0000000608000000, 0x0000000608000000, 0x0000000608400000|  0%| F|  |TAMS 0x0000000608000000, 0x0000000608000000| Untracked 
|  17|0x0000000608400000, 0x0000000608400000, 0x0000000608800000|  0%| F|  |TAMS 0x0000000608400000, 0x0000000608400000| Untracked 
|  18|0x0000000608800000, 0x0000000608800000, 0x0000000608c00000|  0%| F|  |TAMS 0x0000000608800000, 0x0000000608800000| Untracked 
|  19|0x0000000608c00000, 0x0000000608c00000, 0x0000000609000000|  0%| F|  |TAMS 0x0000000608c00000, 0x0000000608c00000| Untracked 
|  20|0x0000000609000000, 0x0000000609000000, 0x0000000609400000|  0%| F|  |TAMS 0x0000000609000000, 0x0000000609000000| Untracked 
|  21|0x0000000609400000, 0x0000000609400000, 0x0000000609800000|  0%| F|  |TAMS 0x0000000609400000, 0x0000000609400000| Untracked 
|  22|0x0000000609800000, 0x0000000609800000, 0x0000000609c00000|  0%| F|  |TAMS 0x0000000609800000, 0x0000000609800000| Untracked 
|  23|0x0000000609c00000, 0x0000000609c00000, 0x000000060a000000|  0%| F|  |TAMS 0x0000000609c00000, 0x0000000609c00000| Untracked 
|  24|0x000000060a000000, 0x000000060a000000, 0x000000060a400000|  0%| F|  |TAMS 0x000000060a000000, 0x000000060a000000| Untracked 
|  25|0x000000060a400000, 0x000000060a400000, 0x000000060a800000|  0%| F|  |TAMS 0x000000060a400000, 0x000000060a400000| Untracked 
|  26|0x000000060a800000, 0x000000060a800000, 0x000000060ac00000|  0%| F|  |TAMS 0x000000060a800000, 0x000000060a800000| Untracked 
|  27|0x000000060ac00000, 0x000000060ac00000, 0x000000060b000000|  0%| F|  |TAMS 0x000000060ac00000, 0x000000060ac00000| Untracked 
|  28|0x000000060b000000, 0x000000060b000000, 0x000000060b400000|  0%| F|  |TAMS 0x000000060b000000, 0x000000060b000000| Untracked 
|  29|0x000000060b400000, 0x000000060b400000, 0x000000060b800000|  0%| F|  |TAMS 0x000000060b400000, 0x000000060b400000| Untracked 
|  30|0x000000060b800000, 0x000000060b800000, 0x000000060bc00000|  0%| F|  |TAMS 0x000000060b800000, 0x000000060b800000| Untracked 
|  31|0x000000060bc00000, 0x000000060bc00000, 0x000000060c000000|  0%| F|  |TAMS 0x000000060bc00000, 0x000000060bc00000| Untracked 
|  32|0x000000060c000000, 0x000000060c000000, 0x000000060c400000|  0%| F|  |TAMS 0x000000060c000000, 0x000000060c000000| Untracked 
|  33|0x000000060c400000, 0x000000060c400000, 0x000000060c800000|  0%| F|  |TAMS 0x000000060c400000, 0x000000060c400000| Untracked 
|  34|0x000000060c800000, 0x000000060c800000, 0x000000060cc00000|  0%| F|  |TAMS 0x000000060c800000, 0x000000060c800000| Untracked 
|  35|0x000000060cc00000, 0x000000060cc00000, 0x000000060d000000|  0%| F|  |TAMS 0x000000060cc00000, 0x000000060cc00000| Untracked 
|  36|0x000000060d000000, 0x000000060d000000, 0x000000060d400000|  0%| F|  |TAMS 0x000000060d000000, 0x000000060d000000| Untracked 
|  37|0x000000060d400000, 0x000000060d400000, 0x000000060d800000|  0%| F|  |TAMS 0x000000060d400000, 0x000000060d400000| Untracked 
|  38|0x000000060d800000, 0x000000060d800000, 0x000000060dc00000|  0%| F|  |TAMS 0x000000060d800000, 0x000000060d800000| Untracked 
|  39|0x000000060dc00000, 0x000000060dc00000, 0x000000060e000000|  0%| F|  |TAMS 0x000000060dc00000, 0x000000060dc00000| Untracked 
|  40|0x000000060e000000, 0x000000060e000000, 0x000000060e400000|  0%| F|  |TAMS 0x000000060e000000, 0x000000060e000000| Untracked 
|  41|0x000000060e400000, 0x000000060e400000, 0x000000060e800000|  0%| F|  |TAMS 0x000000060e400000, 0x000000060e400000| Untracked 
|  42|0x000000060e800000, 0x000000060e800000, 0x000000060ec00000|  0%| F|  |TAMS 0x000000060e800000, 0x000000060e800000| Untracked 
|  43|0x000000060ec00000, 0x000000060ec00000, 0x000000060f000000|  0%| F|  |TAMS 0x000000060ec00000, 0x000000060ec00000| Untracked 
|  44|0x000000060f000000, 0x000000060f000000, 0x000000060f400000|  0%| F|  |TAMS 0x000000060f000000, 0x000000060f000000| Untracked 
|  45|0x000000060f400000, 0x000000060f400000, 0x000000060f800000|  0%| F|  |TAMS 0x000000060f400000, 0x000000060f400000| Untracked 
|  46|0x000000060f800000, 0x000000060f800000, 0x000000060fc00000|  0%| F|  |TAMS 0x000000060f800000, 0x000000060f800000| Untracked 
|  47|0x000000060fc00000, 0x000000060fc00000, 0x0000000610000000|  0%| F|  |TAMS 0x000000060fc00000, 0x000000060fc00000| Untracked 
|  48|0x0000000610000000, 0x0000000610000000, 0x0000000610400000|  0%| F|  |TAMS 0x0000000610000000, 0x0000000610000000| Untracked 
|  49|0x0000000610400000, 0x0000000610400000, 0x0000000610800000|  0%| F|  |TAMS 0x0000000610400000, 0x0000000610400000| Untracked 
|  50|0x0000000610800000, 0x0000000610800000, 0x0000000610c00000|  0%| F|  |TAMS 0x0000000610800000, 0x0000000610800000| Untracked 
|  51|0x0000000610c00000, 0x0000000610c00000, 0x0000000611000000|  0%| F|  |TAMS 0x0000000610c00000, 0x0000000610c00000| Untracked 
|  52|0x0000000611000000, 0x0000000611000000, 0x0000000611400000|  0%| F|  |TAMS 0x0000000611000000, 0x0000000611000000| Untracked 
|  53|0x0000000611400000, 0x0000000611400000, 0x0000000611800000|  0%| F|  |TAMS 0x0000000611400000, 0x0000000611400000| Untracked 
|  54|0x0000000611800000, 0x0000000611800000, 0x0000000611c00000|  0%| F|  |TAMS 0x0000000611800000, 0x0000000611800000| Untracked 
|  55|0x0000000611c00000, 0x0000000611c00000, 0x0000000612000000|  0%| F|  |TAMS 0x0000000611c00000, 0x0000000611c00000| Untracked 
|  56|0x0000000612000000, 0x0000000612000000, 0x0000000612400000|  0%| F|  |TAMS 0x0000000612000000, 0x0000000612000000| Untracked 
|  57|0x0000000612400000, 0x0000000612400000, 0x0000000612800000|  0%| F|  |TAMS 0x0000000612400000, 0x0000000612400000| Untracked 
|  58|0x0000000612800000, 0x0000000612800000, 0x0000000612c00000|  0%| F|  |TAMS 0x0000000612800000, 0x0000000612800000| Untracked 
|  59|0x0000000612c00000, 0x0000000612c00000, 0x0000000613000000|  0%| F|  |TAMS 0x0000000612c00000, 0x0000000612c00000| Untracked 
|  60|0x0000000613000000, 0x0000000613000000, 0x0000000613400000|  0%| F|  |TAMS 0x0000000613000000, 0x0000000613000000| Untracked 
|  61|0x0000000613400000, 0x0000000613400000, 0x0000000613800000|  0%| F|  |TAMS 0x0000000613400000, 0x0000000613400000| Untracked 
|  62|0x0000000613800000, 0x0000000613800000, 0x0000000613c00000|  0%| F|  |TAMS 0x0000000613800000, 0x0000000613800000| Untracked 
|  63|0x0000000613c00000, 0x0000000613c00000, 0x0000000614000000|  0%| F|  |TAMS 0x0000000613c00000, 0x0000000613c00000| Untracked 
|  64|0x0000000614000000, 0x0000000614000000, 0x0000000614400000|  0%| F|  |TAMS 0x0000000614000000, 0x0000000614000000| Untracked 
|  65|0x0000000614400000, 0x0000000614400000, 0x0000000614800000|  0%| F|  |TAMS 0x0000000614400000, 0x0000000614400000| Untracked 
|  66|0x0000000614800000, 0x0000000614800000, 0x0000000614c00000|  0%| F|  |TAMS 0x0000000614800000, 0x0000000614800000| Untracked 
|  67|0x0000000614c00000, 0x0000000614c00000, 0x0000000615000000|  0%| F|  |TAMS 0x0000000614c00000, 0x0000000614c00000| Untracked 
|  68|0x0000000615000000, 0x0000000615000000, 0x0000000615400000|  0%| F|  |TAMS 0x0000000615000000, 0x0000000615000000| Untracked 
|  69|0x0000000615400000, 0x0000000615400000, 0x0000000615800000|  0%| F|  |TAMS 0x0000000615400000, 0x0000000615400000| Untracked 
|  70|0x0000000615800000, 0x0000000615800000, 0x0000000615c00000|  0%| F|  |TAMS 0x0000000615800000, 0x0000000615800000| Untracked 
|  71|0x0000000615c00000, 0x0000000615c00000, 0x0000000616000000|  0%| F|  |TAMS 0x0000000615c00000, 0x0000000615c00000| Untracked 
|  72|0x0000000616000000, 0x0000000616000000, 0x0000000616400000|  0%| F|  |TAMS 0x0000000616000000, 0x0000000616000000| Untracked 
|  73|0x0000000616400000, 0x0000000616400000, 0x0000000616800000|  0%| F|  |TAMS 0x0000000616400000, 0x0000000616400000| Untracked 
|  74|0x0000000616800000, 0x0000000616800000, 0x0000000616c00000|  0%| F|  |TAMS 0x0000000616800000, 0x0000000616800000| Untracked 
|  75|0x0000000616c00000, 0x0000000616c00000, 0x0000000617000000|  0%| F|  |TAMS 0x0000000616c00000, 0x0000000616c00000| Untracked 
|  76|0x0000000617000000, 0x0000000617000000, 0x0000000617400000|  0%| F|  |TAMS 0x0000000617000000, 0x0000000617000000| Untracked 
|  77|0x0000000617400000, 0x0000000617400000, 0x0000000617800000|  0%| F|  |TAMS 0x0000000617400000, 0x0000000617400000| Untracked 
|  78|0x0000000617800000, 0x0000000617800000, 0x0000000617c00000|  0%| F|  |TAMS 0x0000000617800000, 0x0000000617800000| Untracked 
|  79|0x0000000617c00000, 0x0000000617c00000, 0x0000000618000000|  0%| F|  |TAMS 0x0000000617c00000, 0x0000000617c00000| Untracked 
|  80|0x0000000618000000, 0x0000000618000000, 0x0000000618400000|  0%| F|  |TAMS 0x0000000618000000, 0x0000000618000000| Untracked 
|  81|0x0000000618400000, 0x0000000618400000, 0x0000000618800000|  0%| F|  |TAMS 0x0000000618400000, 0x0000000618400000| Untracked 
|  82|0x0000000618800000, 0x0000000618800000, 0x0000000618c00000|  0%| F|  |TAMS 0x0000000618800000, 0x0000000618800000| Untracked 
|  83|0x0000000618c00000, 0x0000000618c00000, 0x0000000619000000|  0%| F|  |TAMS 0x0000000618c00000, 0x0000000618c00000| Untracked 
|  84|0x0000000619000000, 0x0000000619000000, 0x0000000619400000|  0%| F|  |TAMS 0x0000000619000000, 0x0000000619000000| Untracked 
|  85|0x0000000619400000, 0x0000000619400000, 0x0000000619800000|  0%| F|  |TAMS 0x0000000619400000, 0x0000000619400000| Untracked 
|  86|0x0000000619800000, 0x0000000619800000, 0x0000000619c00000|  0%| F|  |TAMS 0x0000000619800000, 0x0000000619800000| Untracked 
|  87|0x0000000619c00000, 0x0000000619c00000, 0x000000061a000000|  0%| F|  |TAMS 0x0000000619c00000, 0x0000000619c00000| Untracked 
|  88|0x000000061a000000, 0x000000061a000000, 0x000000061a400000|  0%| F|  |TAMS 0x000000061a000000, 0x000000061a000000| Untracked 
|  89|0x000000061a400000, 0x000000061a400000, 0x000000061a800000|  0%| F|  |TAMS 0x000000061a400000, 0x000000061a400000| Untracked 
|  90|0x000000061a800000, 0x000000061a800000, 0x000000061ac00000|  0%| F|  |TAMS 0x000000061a800000, 0x000000061a800000| Untracked 
|  91|0x000000061ac00000, 0x000000061ac00000, 0x000000061b000000|  0%| F|  |TAMS 0x000000061ac00000, 0x000000061ac00000| Untracked 
|  92|0x000000061b000000, 0x000000061b000000, 0x000000061b400000|  0%| F|  |TAMS 0x000000061b000000, 0x000000061b000000| Untracked 
|  93|0x000000061b400000, 0x000000061b400000, 0x000000061b800000|  0%| F|  |TAMS 0x000000061b400000, 0x000000061b400000| Untracked 
|  94|0x000000061b800000, 0x000000061b800000, 0x000000061bc00000|  0%| F|  |TAMS 0x000000061b800000, 0x000000061b800000| Untracked 
|  95|0x000000061bc00000, 0x000000061bc00000, 0x000000061c000000|  0%| F|  |TAMS 0x000000061bc00000, 0x000000061bc00000| Untracked 
|  96|0x000000061c000000, 0x000000061c000000, 0x000000061c400000|  0%| F|  |TAMS 0x000000061c000000, 0x000000061c000000| Untracked 
|  97|0x000000061c400000, 0x000000061c400000, 0x000000061c800000|  0%| F|  |TAMS 0x000000061c400000, 0x000000061c400000| Untracked 
|  98|0x000000061c800000, 0x000000061c800000, 0x000000061cc00000|  0%| F|  |TAMS 0x000000061c800000, 0x000000061c800000| Untracked 
|  99|0x000000061cc00000, 0x000000061cc00000, 0x000000061d000000|  0%| F|  |TAMS 0x000000061cc00000, 0x000000061cc00000| Untracked 
| 100|0x000000061d000000, 0x000000061d000000, 0x000000061d400000|  0%| F|  |TAMS 0x000000061d000000, 0x000000061d000000| Untracked 
| 101|0x000000061d400000, 0x000000061d400000, 0x000000061d800000|  0%| F|  |TAMS 0x000000061d400000, 0x000000061d400000| Untracked 
| 102|0x000000061d800000, 0x000000061d800000, 0x000000061dc00000|  0%| F|  |TAMS 0x000000061d800000, 0x000000061d800000| Untracked 
| 103|0x000000061dc00000, 0x000000061dc00000, 0x000000061e000000|  0%| F|  |TAMS 0x000000061dc00000, 0x000000061dc00000| Untracked 
| 104|0x000000061e000000, 0x000000061e000000, 0x000000061e400000|  0%| F|  |TAMS 0x000000061e000000, 0x000000061e000000| Untracked 
| 105|0x000000061e400000, 0x000000061e400000, 0x000000061e800000|  0%| F|  |TAMS 0x000000061e400000, 0x000000061e400000| Untracked 
| 106|0x000000061e800000, 0x000000061e800000, 0x000000061ec00000|  0%| F|  |TAMS 0x000000061e800000, 0x000000061e800000| Untracked 
| 107|0x000000061ec00000, 0x000000061ec00000, 0x000000061f000000|  0%| F|  |TAMS 0x000000061ec00000, 0x000000061ec00000| Untracked 
| 108|0x000000061f000000, 0x000000061f000000, 0x000000061f400000|  0%| F|  |TAMS 0x000000061f000000, 0x000000061f000000| Untracked 
| 109|0x000000061f400000, 0x000000061f400000, 0x000000061f800000|  0%| F|  |TAMS 0x000000061f400000, 0x000000061f400000| Untracked 
| 110|0x000000061f800000, 0x000000061f800000, 0x000000061fc00000|  0%| F|  |TAMS 0x000000061f800000, 0x000000061f800000| Untracked 
| 111|0x000000061fc00000, 0x000000061fc00000, 0x0000000620000000|  0%| F|  |TAMS 0x000000061fc00000, 0x000000061fc00000| Untracked 
| 112|0x0000000620000000, 0x0000000620000000, 0x0000000620400000|  0%| F|  |TAMS 0x0000000620000000, 0x0000000620000000| Untracked 
| 113|0x0000000620400000, 0x0000000620400000, 0x0000000620800000|  0%| F|  |TAMS 0x0000000620400000, 0x0000000620400000| Untracked 
| 114|0x0000000620800000, 0x0000000620800000, 0x0000000620c00000|  0%| F|  |TAMS 0x0000000620800000, 0x0000000620800000| Untracked 
| 115|0x0000000620c00000, 0x0000000620c00000, 0x0000000621000000|  0%| F|  |TAMS 0x0000000620c00000, 0x0000000620c00000| Untracked 
| 116|0x0000000621000000, 0x0000000621000000, 0x0000000621400000|  0%| F|  |TAMS 0x0000000621000000, 0x0000000621000000| Untracked 
| 117|0x0000000621400000, 0x0000000621400000, 0x0000000621800000|  0%| F|  |TAMS 0x0000000621400000, 0x0000000621400000| Untracked 
| 118|0x0000000621800000, 0x0000000621800000, 0x0000000621c00000|  0%| F|  |TAMS 0x0000000621800000, 0x0000000621800000| Untracked 
| 119|0x0000000621c00000, 0x0000000621c00000, 0x0000000622000000|  0%| F|  |TAMS 0x0000000621c00000, 0x0000000621c00000| Untracked 
| 120|0x0000000622000000, 0x0000000622000000, 0x0000000622400000|  0%| F|  |TAMS 0x0000000622000000, 0x0000000622000000| Untracked 
| 121|0x0000000622400000, 0x0000000622400000, 0x0000000622800000|  0%| F|  |TAMS 0x0000000622400000, 0x0000000622400000| Untracked 
| 122|0x0000000622800000, 0x0000000622800000, 0x0000000622c00000|  0%| F|  |TAMS 0x0000000622800000, 0x0000000622800000| Untracked 
| 123|0x0000000622c00000, 0x0000000622ff2768, 0x0000000623000000| 98%| E|  |TAMS 0x0000000622c00000, 0x0000000622c00000| Complete 
| 124|0x0000000623000000, 0x0000000623400000, 0x0000000623400000|100%| E|CS|TAMS 0x0000000623000000, 0x0000000623000000| Complete 
| 125|0x0000000623400000, 0x0000000623800000, 0x0000000623800000|100%| E|CS|TAMS 0x0000000623400000, 0x0000000623400000| Complete 
| 126|0x0000000623800000, 0x0000000623c00000, 0x0000000623c00000|100%| E|CS|TAMS 0x0000000623800000, 0x0000000623800000| Complete 

Card table byte_map: [0x0000020964b60000,0x0000020965b40000] _byte_map_base: 0x0000020961b40000

Marking Bits (Prev, Next): (CMBitMap*) 0x000002094cbbcee0, (CMBitMap*) 0x000002094cbbcf20
 Prev Bits: [0x0000020966b20000, 0x000002096ea20000)
 Next Bits: [0x000002096ea20000, 0x0000020976920000)

Polling page: 0x000002094a850000

Metaspace:

Usage:
  Non-class:      5.56 MB used.
      Class:    334.49 KB used.
       Both:      5.89 MB used.

Virtual space:
  Non-class space:       64.00 MB reserved,       5.62 MB (  9%) committed,  1 nodes.
      Class space:        1.00 GB reserved,     448.00 KB ( <1%) committed,  1 nodes.
             Both:        1.06 GB reserved,       6.06 MB ( <1%) committed. 

Chunk freelists:
   Non-Class:  8.12 MB
       Class:  15.55 MB
        Both:  23.67 MB

MaxMetaspaceSize: unlimited
CompressedClassSpaceSize: 1.00 GB
Initial GC threshold: 21.00 MB
Current GC threshold: 21.00 MB
CDS: on
MetaspaceReclaimPolicy: balanced
 - commit_granule_bytes: 65536.
 - commit_granule_words: 8192.
 - virtual_space_node_default_size: 8388608.
 - enlarge_chunks_in_place: 1.
 - new_chunks_are_fully_committed: 0.
 - uncommit_free_chunks: 1.
 - use_allocation_guard: 0.
 - handle_deallocations: 1.


Internal statistics:

num_allocs_failed_limit: 0.
num_arena_births: 66.
num_arena_deaths: 0.
num_vsnodes_births: 2.
num_vsnodes_deaths: 0.
num_space_committed: 95.
num_space_uncommitted: 0.
num_chunks_returned_to_freelist: 0.
num_chunks_taken_from_freelist: 233.
num_chunk_merges: 0.
num_chunk_splits: 170.
num_chunks_enlarged: 127.
num_inconsistent_stats: 0.

CodeHeap 'non-profiled nmethods': size=120000Kb used=256Kb max_used=256Kb free=119743Kb
 bounds [0x000002095c100000, 0x000002095c370000, 0x0000020963630000]
CodeHeap 'profiled nmethods': size=120000Kb used=1197Kb max_used=1197Kb free=118803Kb
 bounds [0x0000020954630000, 0x00000209548a0000, 0x000002095bb60000]
CodeHeap 'non-nmethods': size=5760Kb used=1591Kb max_used=1603Kb free=4168Kb
 bounds [0x000002095bb60000, 0x000002095bdd0000, 0x000002095c100000]
 total_blobs=1760 nmethods=759 adapters=914
 compilation: enabled
              stopped_count=0, restarted_count=0
 full_count=0

Compilation events (20 events):
Event: 0.453 Thread 0x0000020976b0d600  750   !   3       jdk.internal.ref.PhantomCleanable::remove (60 bytes)
Event: 0.453 Thread 0x0000020976b0d600 nmethod 750 0x0000020954756610 code [0x00000209547567c0, 0x0000020954756bf8]
Event: 0.454 Thread 0x0000020976b0d600  751       1       org.lwjgl.system.Pointer$Default::address (5 bytes)
Event: 0.454 Thread 0x0000020976b0d600 nmethod 751 0x000002095c13f390 code [0x000002095c13f520, 0x000002095c13f5f8]
Event: 0.455 Thread 0x0000020976b0d600  752   !   3       jdk.internal.loader.BuiltinClassLoader::findClassOnClassPathOrNull (64 bytes)
Event: 0.456 Thread 0x0000020976b0d600 nmethod 752 0x0000020954756d90 code [0x0000020954757180, 0x0000020954758a78]
Event: 0.456 Thread 0x0000020976b0d600  753       3       jdk.internal.ref.CleanerFactory::cleaner (4 bytes)
Event: 0.456 Thread 0x0000020976b0d600 nmethod 753 0x0000020954759390 code [0x0000020954759520, 0x0000020954759618]
Event: 0.456 Thread 0x0000020976ae3b20  754       4       java.lang.StringBuilder::append (8 bytes)
Event: 0.458 Thread 0x0000020976ae3b20 nmethod 754 0x000002095c13f690 code [0x000002095c13f820, 0x000002095c13fe98]
Event: 0.462 Thread 0x0000020976b0d600  755       3       java.lang.String::equalsIgnoreCase (45 bytes)
Event: 0.462 Thread 0x0000020976b0d600 nmethod 755 0x0000020954759690 code [0x0000020954759880, 0x0000020954759de8]
Event: 0.464 Thread 0x0000020976b0d600  756       3       java.util.jar.Attributes::getValue (9 bytes)
Event: 0.464 Thread 0x0000020976b0d600 nmethod 756 0x000002095475a010 code [0x000002095475a1c0, 0x000002095475a4e8]
Event: 0.464 Thread 0x0000020976b0d600  757       3       java.util.jar.Attributes::get (11 bytes)
Event: 0.464 Thread 0x0000020976b0d600 nmethod 757 0x000002095475a610 code [0x000002095475a7c0, 0x000002095475a9a8]
Event: 0.465 Thread 0x0000020976b0d600  758       3       java.net.URL::toString (5 bytes)
Event: 0.465 Thread 0x0000020976b0d600 nmethod 758 0x000002095475aa90 code [0x000002095475ac40, 0x000002095475ae68]
Event: 0.465 Thread 0x0000020976b0d600  759       3       java.net.URL::toExternalForm (9 bytes)
Event: 0.465 Thread 0x0000020976b0d600 nmethod 759 0x000002095475af90 code [0x000002095475b140, 0x000002095475b328]

GC Heap History (0 events):
No events

Dll operation events (12 events):
Event: 0.003 Loaded shared library C:\Users\super\.jdks\temurin-17.0.9\bin\java.dll
Event: 0.015 Loaded shared library C:\Users\super\.jdks\temurin-17.0.9\bin\jsvml.dll
Event: 0.040 Loaded shared library C:\Users\super\.jdks\temurin-17.0.9\bin\zip.dll
Event: 0.041 Loaded shared library C:\Users\super\.jdks\temurin-17.0.9\bin\instrument.dll
Event: 0.044 Loaded shared library C:\Users\super\.jdks\temurin-17.0.9\bin\net.dll
Event: 0.044 Loaded shared library C:\Users\super\.jdks\temurin-17.0.9\bin\nio.dll
Event: 0.046 Loaded shared library C:\Users\super\.jdks\temurin-17.0.9\bin\zip.dll
Event: 0.054 Loaded shared library C:\Users\super\AppData\Local\Programs\IntelliJ IDEA Ultimate\bin\breakgen64.dll
Event: 0.073 Loaded shared library C:\Users\super\.jdks\temurin-17.0.9\bin\jimage.dll
Event: 0.082 Loaded shared library C:\Users\super\AppData\Local\Temp\lwjglsuper\3.3.1-build-7\lwjgl.dll
Event: 0.196 Loaded shared library C:\Users\super\AppData\Local\Temp\lwjglsuper\3.3.1-build-7\lwjgl_opengl.dll
Event: 0.243 Loaded shared library C:\Users\super\.jdks\temurin-17.0.9\bin\verify.dll

Deoptimization events (20 events):
Event: 0.313 Thread 0x000002094cb086f0 DEOPT PACKING pc=0x00000209547353b9 sp=0x00000029e89fef20
Event: 0.313 Thread 0x000002094cb086f0 DEOPT UNPACKING pc=0x000002095bbbace3 sp=0x00000029e89fe3b8 mode 0
Event: 0.313 Thread 0x000002094cb086f0 DEOPT PACKING pc=0x00000209547353b9 sp=0x00000029e89fef20
Event: 0.313 Thread 0x000002094cb086f0 DEOPT UNPACKING pc=0x000002095bbbace3 sp=0x00000029e89fe3b8 mode 0
Event: 0.313 Thread 0x000002094cb086f0 DEOPT PACKING pc=0x00000209547353b9 sp=0x00000029e89fef20
Event: 0.313 Thread 0x000002094cb086f0 DEOPT UNPACKING pc=0x000002095bbbace3 sp=0x00000029e89fe3b8 mode 0
Event: 0.313 Thread 0x000002094cb086f0 DEOPT PACKING pc=0x0000020954738297 sp=0x00000029e89fef60
Event: 0.313 Thread 0x000002094cb086f0 DEOPT UNPACKING pc=0x000002095bbbace3 sp=0x00000029e89fe400 mode 0
Event: 0.313 Thread 0x000002094cb086f0 DEOPT PACKING pc=0x0000020954738297 sp=0x00000029e89fef60
Event: 0.313 Thread 0x000002094cb086f0 DEOPT UNPACKING pc=0x000002095bbbace3 sp=0x00000029e89fe400 mode 0
Event: 0.314 Thread 0x000002094cb086f0 DEOPT PACKING pc=0x0000020954738297 sp=0x00000029e89fef60
Event: 0.314 Thread 0x000002094cb086f0 DEOPT UNPACKING pc=0x000002095bbbace3 sp=0x00000029e89fe400 mode 0
Event: 0.314 Thread 0x000002094cb086f0 DEOPT PACKING pc=0x0000020954738297 sp=0x00000029e89fef60
Event: 0.314 Thread 0x000002094cb086f0 DEOPT UNPACKING pc=0x000002095bbbace3 sp=0x00000029e89fe400 mode 0
Event: 0.314 Thread 0x000002094cb086f0 DEOPT PACKING pc=0x0000020954738297 sp=0x00000029e89fef60
Event: 0.314 Thread 0x000002094cb086f0 DEOPT UNPACKING pc=0x000002095bbbace3 sp=0x00000029e89fe400 mode 0
Event: 0.315 Thread 0x000002094cb086f0 DEOPT PACKING pc=0x0000020954738297 sp=0x00000029e89fef60
Event: 0.315 Thread 0x000002094cb086f0 DEOPT UNPACKING pc=0x000002095bbbace3 sp=0x00000029e89fe400 mode 0
Event: 0.315 Thread 0x000002094cb086f0 DEOPT PACKING pc=0x0000020954738297 sp=0x00000029e89fef60
Event: 0.315 Thread 0x000002094cb086f0 DEOPT UNPACKING pc=0x000002095bbbace3 sp=0x00000029e89fe400 mode 0

Classes unloaded (0 events):
No events

Classes redefined (0 events):
No events

Internal exceptions (20 events):
Event: 0.056 Thread 0x00000209798c0730 Exception <a 'java/lang/NoSuchMethodError'{0x0000000623ae7a28}: 'java.lang.Object java.lang.invoke.DirectMethodHandle$Holder.invokeStaticInit(java.lang.Object)'> (0x0000000623ae7a28) 
thrown [s\src\hotspot\share\interpreter\linkResolver.cpp, line 759]
Event: 0.059 Thread 0x00000209798c0730 Exception <a 'java/lang/NoSuchMethodError'{0x0000000623af5780}: 'void java.lang.invoke.DirectMethodHandle$Holder.invokeStatic(java.lang.Object, java.lang.Object)'> (0x0000000623af5780) 
thrown [s\src\hotspot\share\interpreter\linkResolver.cpp, line 759]
Event: 0.068 Thread 0x000002094cb086f0 Exception <a 'java/lang/NoSuchMethodError'{0x0000000623446c58}: 'void java.lang.invoke.DirectMethodHandle$Holder.invokeSpecial(java.lang.Object, java.lang.Object, java.lang.Object)'> (0x0000000623446c58) 
thrown [s\src\hotspot\share\interpreter\linkResolver.cpp, line 759]
Event: 0.069 Thread 0x000002094cb086f0 Exception <a 'java/lang/NoSuchMethodError'{0x00000006234599f0}: 'java.lang.Object java.lang.invoke.DirectMethodHandle$Holder.invokeStatic(java.lang.Object, java.lang.Object, int)'> (0x00000006234599f0) 
thrown [s\src\hotspot\share\interpreter\linkResolver.cpp, line 759]
Event: 0.069 Thread 0x000002094cb086f0 Exception <a 'java/lang/NoSuchMethodError'{0x0000000623465760}: 'void java.lang.invoke.DelegatingMethodHandle$Holder.delegate(java.lang.Object, java.lang.Object, int, java.lang.Object)'> (0x0000000623465760) 
thrown [s\src\hotspot\share\interpreter\linkResolver.cpp, line 759]
Event: 0.070 Thread 0x000002094cb086f0 Exception <a 'java/lang/NoSuchMethodError'{0x0000000623469798}: 'int java.lang.invoke.DirectMethodHandle$Holder.invokeSpecial(java.lang.Object, java.lang.Object, java.lang.Object)'> (0x0000000623469798) 
thrown [s\src\hotspot\share\interpreter\linkResolver.cpp, line 759]
Event: 0.081 Thread 0x000002094cb086f0 Exception <a 'sun/nio/fs/WindowsException'{0x00000006234d8b60}> (0x00000006234d8b60) 
thrown [s\src\hotspot\share\prims\jni.cpp, line 516]
Event: 0.081 Thread 0x000002094cb086f0 Exception <a 'sun/nio/fs/WindowsException'{0x00000006234d90b0}> (0x00000006234d90b0) 
thrown [s\src\hotspot\share\prims\jni.cpp, line 516]
Event: 0.085 Thread 0x000002094cb086f0 Exception <a 'sun/nio/fs/WindowsException'{0x00000006234ee7c8}> (0x00000006234ee7c8) 
thrown [s\src\hotspot\share\prims\jni.cpp, line 516]
Event: 0.085 Thread 0x000002094cb086f0 Exception <a 'sun/nio/fs/WindowsException'{0x00000006234eeb28}> (0x00000006234eeb28) 
thrown [s\src\hotspot\share\prims\jni.cpp, line 516]
Event: 0.089 Thread 0x000002094cb086f0 Exception <a 'java/lang/NoSuchMethodError'{0x000000062353cce0}: 'int java.lang.invoke.DirectMethodHandle$Holder.invokeStaticInit(java.lang.Object, java.lang.Object, int, long)'> (0x000000062353cce0) 
thrown [s\src\hotspot\share\interpreter\linkResolver.cpp, line 759]
Event: 0.090 Thread 0x000002094cb086f0 Exception <a 'java/lang/NoSuchMethodError'{0x00000006235425a8}: 'java.lang.Object java.lang.invoke.DirectMethodHandle$Holder.newInvokeSpecial(java.lang.Object, java.lang.Object, int)'> (0x00000006235425a8) 
thrown [s\src\hotspot\share\interpreter\linkResolver.cpp, line 759]
Event: 0.090 Thread 0x000002094cb086f0 Exception <a 'java/lang/NoSuchMethodError'{0x00000006235520e8}: 'int java.lang.invoke.DirectMethodHandle$Holder.invokeStaticInit(java.lang.Object, java.lang.Object, long, long)'> (0x00000006235520e8) 
thrown [s\src\hotspot\share\interpreter\linkResolver.cpp, line 759]
Event: 0.091 Thread 0x000002094cb086f0 Exception <a 'java/lang/NoSuchMethodError'{0x00000006235581f8}: 'java.lang.Object java.lang.invoke.DirectMethodHandle$Holder.newInvokeSpecial(java.lang.Object, java.lang.Object, long)'> (0x00000006235581f8) 
thrown [s\src\hotspot\share\interpreter\linkResolver.cpp, line 759]
Event: 0.091 Thread 0x000002094cb086f0 Exception <a 'java/lang/NoSuchMethodError'{0x000000062355c4e8}: 'java.lang.Object java.lang.invoke.Invokers$Holder.linkToTargetMethod(java.lang.Object, long, java.lang.Object)'> (0x000000062355c4e8) 
thrown [s\src\hotspot\share\interpreter\linkResolver.cpp, line 759]
Event: 0.091 Thread 0x000002094cb086f0 Exception <a 'java/lang/NoSuchMethodError'{0x0000000623563c00}: 'int java.lang.invoke.DirectMethodHandle$Holder.invokeStaticInit(java.lang.Object, java.lang.Object, java.lang.Object, long)'> (0x0000000623563c00) 
thrown [s\src\hotspot\share\interpreter\linkResolver.cpp, line 759]
Event: 0.195 Thread 0x000002094cb086f0 Exception <a 'sun/nio/fs/WindowsException'{0x000000062363a720}> (0x000000062363a720) 
thrown [s\src\hotspot\share\prims\jni.cpp, line 516]
Event: 0.195 Thread 0x000002094cb086f0 Exception <a 'sun/nio/fs/WindowsException'{0x000000062363aac8}> (0x000000062363aac8) 
thrown [s\src\hotspot\share\prims\jni.cpp, line 516]
Event: 0.197 Thread 0x000002094cb086f0 Exception <a 'sun/nio/fs/WindowsException'{0x00000006236419c0}> (0x00000006236419c0) 
thrown [s\src\hotspot\share\prims\jni.cpp, line 516]
Event: 0.197 Thread 0x000002094cb086f0 Exception <a 'sun/nio/fs/WindowsException'{0x0000000623641ca0}> (0x0000000623641ca0) 
thrown [s\src\hotspot\share\prims\jni.cpp, line 516]

VM Operations (6 events):
Event: 0.035 Executing VM operation: HandshakeAllThreads
Event: 0.035 Executing VM operation: HandshakeAllThreads done
Event: 0.055 Executing VM operation: HandshakeAllThreads
Event: 0.055 Executing VM operation: HandshakeAllThreads done
Event: 0.079 Executing VM operation: HandshakeAllThreads
Event: 0.079 Executing VM operation: HandshakeAllThreads done

Events (20 events):
Event: 0.251 loading class java/time/Month
Event: 0.251 loading class java/time/Month done
Event: 0.252 loading class java/time/DayOfWeek
Event: 0.252 loading class java/time/DayOfWeek done
Event: 0.252 loading class java/time/zone/ZoneOffsetTransitionRule$TimeDefinition
Event: 0.252 loading class java/time/zone/ZoneOffsetTransitionRule$TimeDefinition done
Event: 0.252 loading class java/time/zone/ZoneOffsetTransition
Event: 0.252 loading class java/time/zone/ZoneOffsetTransition done
Event: 0.252 loading class sun/util/cldr/CLDRBaseLocaleDataMetaInfo$TZCanonicalIDMapHolder
Event: 0.253 loading class sun/util/cldr/CLDRBaseLocaleDataMetaInfo$TZCanonicalIDMapHolder done
Event: 0.253 loading class sun/util/resources/TimeZoneNames
Event: 0.254 loading class sun/util/resources/TimeZoneNames done
Event: 0.254 loading class sun/util/resources/TimeZoneNames_en
Event: 0.254 loading class sun/util/resources/TimeZoneNames_en done
Event: 0.259 loading class java/lang/NumberFormatException
Event: 0.259 loading class java/lang/NumberFormatException done
Event: 0.261 loading class java/util/NoSuchElementException
Event: 0.261 loading class java/util/NoSuchElementException done
Event: 0.457 loading class java/io/DataOutputStream
Event: 0.457 loading class java/io/DataOutputStream done


Dynamic libraries:
0x00007ff70db20000 - 0x00007ff70db2e000 	C:\Users\super\.jdks\temurin-17.0.9\bin\java.exe
0x00007fffd27d0000 - 0x00007fffd29c8000 	C:\Windows\SYSTEM32\ntdll.dll
0x00007fffd1620000 - 0x00007fffd16dd000 	C:\Windows\System32\KERNEL32.DLL
0x00007fffd0500000 - 0x00007fffd07f6000 	C:\Windows\System32\KERNELBASE.dll
0x00007fffd0160000 - 0x00007fffd0260000 	C:\Windows\System32\ucrtbase.dll
0x00007fffcacc0000 - 0x00007fffcacd7000 	C:\Users\super\.jdks\temurin-17.0.9\bin\jli.dll
0x00007fffcad20000 - 0x00007fffcad3b000 	C:\Users\super\.jdks\temurin-17.0.9\bin\VCRUNTIME140.dll
0x00007fffd0d90000 - 0x00007fffd0f2e000 	C:\Windows\System32\USER32.dll
0x00007fffd0460000 - 0x00007fffd0482000 	C:\Windows\System32\win32u.dll
0x00007fffcf280000 - 0x00007fffcf51a000 	C:\Windows\WinSxS\amd64_microsoft.windows.common-controls_6595b64144ccf1df_6.0.19041.3636_none_60b6a03d71f818d5\COMCTL32.dll
0x00007fffd2620000 - 0x00007fffd264c000 	C:\Windows\System32\GDI32.dll
0x00007fffd0f90000 - 0x00007fffd102e000 	C:\Windows\System32\msvcrt.dll
0x00007fffcff90000 - 0x00007fffd00aa000 	C:\Windows\System32\gdi32full.dll
0x00007fffd0260000 - 0x00007fffd02fd000 	C:\Windows\System32\msvcp_win.dll
0x00007fffd2760000 - 0x00007fffd2790000 	C:\Windows\System32\IMM32.DLL
0x00007fffcad80000 - 0x00007fffcad8c000 	C:\Users\super\.jdks\temurin-17.0.9\bin\vcruntime140_1.dll
0x00007fffb3a90000 - 0x00007fffb3b1d000 	C:\Users\super\.jdks\temurin-17.0.9\bin\msvcp140.dll
0x00007fff30320000 - 0x00007fff30f81000 	C:\Users\super\.jdks\temurin-17.0.9\bin\server\jvm.dll
0x00007fffd2570000 - 0x00007fffd261f000 	C:\Windows\System32\ADVAPI32.dll
0x00007fffd1030000 - 0x00007fffd10cc000 	C:\Windows\System32\sechost.dll
0x00007fffd1ff0000 - 0x00007fffd2116000 	C:\Windows\System32\RPCRT4.dll
0x00007fffcf890000 - 0x00007fffcf8db000 	C:\Windows\SYSTEM32\POWRPROF.dll
0x00007fffa17d0000 - 0x00007fffa17d9000 	C:\Windows\SYSTEM32\WSOCK32.dll
0x00007fffc5e20000 - 0x00007fffc5e47000 	C:\Windows\SYSTEM32\WINMM.dll
0x00007fffd0b00000 - 0x00007fffd0b6b000 	C:\Windows\System32\WS2_32.dll
0x00007fffc8010000 - 0x00007fffc801a000 	C:\Windows\SYSTEM32\VERSION.dll
0x00007fffcf620000 - 0x00007fffcf632000 	C:\Windows\SYSTEM32\UMPDC.dll
0x00007fffcd090000 - 0x00007fffcd0a2000 	C:\Windows\SYSTEM32\kernel.appcore.dll
0x00007fffca6e0000 - 0x00007fffca6ea000 	C:\Users\super\.jdks\temurin-17.0.9\bin\jimage.dll
0x00007fffcf6a0000 - 0x00007fffcf884000 	C:\Windows\SYSTEM32\DBGHELP.DLL
0x00007fffcf660000 - 0x00007fffcf694000 	C:\Windows\SYSTEM32\dbgcore.DLL
0x00007fffcfeb0000 - 0x00007fffcff32000 	C:\Windows\System32\bcryptPrimitives.dll
0x00007fffca6d0000 - 0x00007fffca6de000 	C:\Users\super\.jdks\temurin-17.0.9\bin\instrument.dll
0x00007fffbda70000 - 0x00007fffbda95000 	C:\Users\super\.jdks\temurin-17.0.9\bin\java.dll
0x00007fffb39b0000 - 0x00007fffb3a87000 	C:\Users\super\.jdks\temurin-17.0.9\bin\jsvml.dll
0x00007fffd1780000 - 0x00007fffd1ec5000 	C:\Windows\System32\SHELL32.dll
0x00007fffcd920000 - 0x00007fffce0bb000 	C:\Windows\SYSTEM32\windows.storage.dll
0x00007fffd2210000 - 0x00007fffd2564000 	C:\Windows\System32\combase.dll
0x00007fffcf1e0000 - 0x00007fffcf20d000 	C:\Windows\SYSTEM32\Wldp.dll
0x00007fffd09f0000 - 0x00007fffd0a9d000 	C:\Windows\System32\SHCORE.dll
0x00007fffd1150000 - 0x00007fffd11a5000 	C:\Windows\System32\shlwapi.dll
0x00007fffcfde0000 - 0x00007fffcfe05000 	C:\Windows\SYSTEM32\profapi.dll
0x00007fffc9ef0000 - 0x00007fffc9f08000 	C:\Users\super\.jdks\temurin-17.0.9\bin\zip.dll
0x00007fffbe3b0000 - 0x00007fffbe3c9000 	C:\Users\super\.jdks\temurin-17.0.9\bin\net.dll
0x00007fffca040000 - 0x00007fffca14a000 	C:\Windows\SYSTEM32\WINHTTP.dll
0x00007fffcf060000 - 0x00007fffcf0ca000 	C:\Windows\system32\mswsock.dll
0x00007fffbda50000 - 0x00007fffbda66000 	C:\Users\super\.jdks\temurin-17.0.9\bin\nio.dll
0x00007fffbc350000 - 0x00007fffbc36a000 	C:\Users\super\AppData\Local\Programs\IntelliJ IDEA Ultimate\bin\breakgen64.dll
0x00007fffb3930000 - 0x00007fffb39a5000 	C:\Users\super\AppData\Local\Temp\lwjglsuper\3.3.1-build-7\lwjgl.dll
0x00007fff8ca60000 - 0x00007fff8cac1000 	C:\Users\super\AppData\Local\Temp\lwjglsuper\3.3.1-build-7\glfw.dll
0x00007fffba710000 - 0x00007fffba755000 	C:\Windows\SYSTEM32\dinput8.dll
0x00007fffb5970000 - 0x00007fffb5981000 	C:\Windows\SYSTEM32\xinput1_4.dll
0x00007fffcff40000 - 0x00007fffcff8e000 	C:\Windows\System32\cfgmgr32.dll
0x00007fffcfc70000 - 0x00007fffcfca3000 	C:\Windows\SYSTEM32\DEVOBJ.dll
0x00007fffccf80000 - 0x00007fffccfaf000 	C:\Windows\SYSTEM32\dwmapi.dll
0x00007fffc5350000 - 0x00007fffc54a2000 	C:\Windows\SYSTEM32\inputhost.dll
0x00007fffd0cc0000 - 0x00007fffd0d8d000 	C:\Windows\System32\OLEAUT32.dll
0x00007fffcbd80000 - 0x00007fffcbed5000 	C:\Windows\SYSTEM32\wintypes.dll
0x00007fffcc7b0000 - 0x00007fffcc8a2000 	C:\Windows\SYSTEM32\CoreMessaging.dll
0x00007fffcae10000 - 0x00007fffcaf06000 	C:\Windows\SYSTEM32\PROPSYS.dll
0x00007fffcc450000 - 0x00007fffcc7ab000 	C:\Windows\SYSTEM32\CoreUIComponents.dll
0x00007fffcfbe0000 - 0x00007fffcfc13000 	C:\Windows\SYSTEM32\ntmarta.dll
0x00007fffccca0000 - 0x00007fffccd3e000 	C:\Windows\system32\uxtheme.dll
0x00007fffd1ed0000 - 0x00007fffd1fe4000 	C:\Windows\System32\MSCTF.dll
0x00007fff81940000 - 0x00007fff81a65000 	C:\Windows\SYSTEM32\opengl32.dll
0x00007fff813f0000 - 0x00007fff8141c000 	C:\Windows\SYSTEM32\GLU32.dll
0x00007fffd26b0000 - 0x00007fffd2759000 	C:\Windows\System32\clbcatq.dll
0x00007fff6fa80000 - 0x00007fff6faae000 	C:\Windows\System32\DriverStore\FileRepository\u0398226.inf_amd64_c5d9587384e4b5ff\B398182\atig6pxx.dll
0x00007fff37a70000 - 0x00007fff3b9d2000 	C:\Windows\System32\DriverStore\FileRepository\u0398226.inf_amd64_c5d9587384e4b5ff\B398182\atio6axx.dll
0x00007fffd11b0000 - 0x00007fffd161e000 	C:\Windows\System32\SETUPAPI.dll
0x00007fffd0800000 - 0x00007fffd0827000 	C:\Windows\System32\bcrypt.dll
0x00007fffbf230000 - 0x00007fffbf265000 	C:\Windows\SYSTEM32\amdihk64.dll
0x00007fffd0490000 - 0x00007fffd04f7000 	C:\Windows\System32\WINTRUST.dll
0x00007fffd0300000 - 0x00007fffd045d000 	C:\Windows\System32\CRYPT32.dll
0x00007fffcf640000 - 0x00007fffcf652000 	C:\Windows\SYSTEM32\MSASN1.dll
0x00007fff8ca00000 - 0x00007fff8ca5d000 	C:\Users\super\AppData\Local\Temp\lwjglsuper\3.3.1-build-7\lwjgl_opengl.dll
0x00007fffc54b0000 - 0x00007fffc55a9000 	C:\Windows\SYSTEM32\textinputframework.dll
0x00007fffca6c0000 - 0x00007fffca6d0000 	C:\Users\super\.jdks\temurin-17.0.9\bin\verify.dll

dbghelp: loaded successfully - version: 4.0.5 - missing functions: none
symbol engine: initialized successfully - sym options: 0x614 - pdb path: .;C:\Users\super\.jdks\temurin-17.0.9\bin;C:\Windows\SYSTEM32;C:\Windows\WinSxS\amd64_microsoft.windows.common-controls_6595b64144ccf1df_6.0.19041.3636_none_60b6a03d71f818d5;C:\Users\super\.jdks\temurin-17.0.9\bin\server;C:\Users\super\AppData\Local\Programs\IntelliJ IDEA Ultimate\bin;C:\Users\super\AppData\Local\Temp\lwjglsuper\3.3.1-build-7;C:\Windows\System32\DriverStore\FileRepository\u0398226.inf_amd64_c5d9587384e4b5ff\B398182

VM Arguments:
jvm_args: -javaagent:C:\Users\super\AppData\Local\Programs\IntelliJ IDEA Ultimate\lib\idea_rt.jar=51973:C:\Users\super\AppData\Local\Programs\IntelliJ IDEA Ultimate\bin -Dfile.encoding=UTF-8 
java_command: me.alex_s168.MainKt
java_class_path (initial): C:\Users\super\Documents\GitHub\rend2d\build\classes\kotlin\main;C:\Users\super\Documents\GitHub\rend2d\build\resources\main;C:\Users\super\.gradle\caches\modules-2\files-2.1\com.github.alex-s168\ktlib\4a380bf749\fb6b940ae36ffd87431273f5d0e5beb55da78db5\ktlib-4a380bf749.jar;C:\Users\super\.gradle\caches\modules-2\files-2.1\org.jetbrains.kotlin\kotlin-stdlib\1.9.21\17ee3e873d439566c7d8354403b5f3d9744c4c9c\kotlin-stdlib-1.9.21.jar;C:\Users\super\.gradle\caches\modules-2\files-2.1\org.lwjgl\lwjgl-glfw\3.3.1\cbac1b8d30cb4795149c1ef540f912671a8616d0\lwjgl-glfw-3.3.1.jar;C:\Users\super\.gradle\caches\modules-2\files-2.1\org.lwjgl\lwjgl-opengl\3.3.1\831a5533a21a5f4f81bbc51bb13e9899319b5411\lwjgl-opengl-3.3.1.jar;C:\Users\super\.gradle\caches\modules-2\files-2.1\org.lwjgl\lwjgl\3.3.1\ae58664f88e18a9bb2c77b063833ca7aaec484cb\lwjgl-3.3.1.jar;C:\Users\super\.gradle\caches\modules-2\files-2.1\org.l33tlabs.twl\pngdecoder\1.0\6422688e344db244da42244b21998284bf098948\pngdecoder-1.0.jar;C:\Users\super\.gradle\caches\modules-2\files-2.1\me.alex_s168\mathlib\0.5h4\38983eaeeceea04e1a35c4130a0cb4058b5fe531\mathlib-0.5h4.jar;C:\Users\super\.gradle\caches\modules-2\files-2.1\me.alex_s168\meshlib\0.6\f61431b42b002f979fab4b11cd6f921eb6a2bb8c\meshlib-0.6.jar;C:\Users\super\.gradle\caches\modules-2\files-2.1\org.jetbrains.kotlin\kotlin-stdlib-jdk8\1.9.0\e000bd084353d84c9e888f6fb341dc1f5b79d948\kotlin-stdlib-jdk8-1.9.0.jar;C:\Users\super\.gradle\caches\modules-2\files-2.1\org.jetbrains\annotations\13.0\919f0dfe192fb4e063e7dacadee7f8bb9a2672a9\annotations-13.0.jar;C:\Users\super\.gradle\caches\modules-2\files-2.1\org.jetbrains.kotlin\kotlin-stdlib-jdk7\1.9.0\f320478990d05e0cfaadd74f9619fd6027adbf37\kotlin-stdlib-jdk7-1.9.0.jar;C:\Users\super\.gradle\caches\modules-2\files-2.1\org.lwjgl\lwjgl-glfw\3.3.1\ed892f945cf7e79c8756796f32d00fa4ceaf573b\lwjgl-glfw-3.3.1-natives-windows.jar;C:\Users\super\.gradle\caches\modules-2\files-2.1\org.lwjgl\lwjgl-opengl\3.3.1\c1807e9b
Launcher Type: SUN_STANDARD

[Global flags]
     intx CICompilerCount                          = 4                                         {product} {ergonomic}
     uint ConcGCThreads                            = 3                                         {product} {ergonomic}
     uint G1ConcRefinementThreads                  = 10                                        {product} {ergonomic}
   size_t G1HeapRegionSize                         = 4194304                                   {product} {ergonomic}
    uintx GCDrainStackTargetSize                   = 64                                        {product} {ergonomic}
   size_t InitialHeapSize                          = 532676608                                 {product} {ergonomic}
   size_t MarkStackSize                            = 4194304                                   {product} {ergonomic}
   size_t MaxHeapSize                              = 8522825728                                {product} {ergonomic}
   size_t MaxNewSize                               = 5112856576                                {product} {ergonomic}
   size_t MinHeapDeltaBytes                        = 4194304                                   {product} {ergonomic}
   size_t MinHeapSize                              = 8388608                                   {product} {ergonomic}
    uintx NonNMethodCodeHeapSize                   = 5839372                                {pd product} {ergonomic}
    uintx NonProfiledCodeHeapSize                  = 122909434                              {pd product} {ergonomic}
    uintx ProfiledCodeHeapSize                     = 122909434                              {pd product} {ergonomic}
    uintx ReservedCodeCacheSize                    = 251658240                              {pd product} {ergonomic}
     bool SegmentedCodeCache                       = true                                      {product} {ergonomic}
   size_t SoftMaxHeapSize                          = 8522825728                             {manageable} {ergonomic}
     bool UseCompressedClassPointers               = true                           {product lp64_product} {ergonomic}
     bool UseCompressedOops                        = true                           {product lp64_product} {ergonomic}
     bool UseG1GC                                  = true                                      {product} {ergonomic}
     bool UseLargePagesIndividualAllocation        = false                                  {pd product} {ergonomic}

Logging:
Log output configuration:
 #0: stdout all=warning uptime,level,tags
 #1: stderr all=off uptime,level,tags

Environment Variables:
PATH=C:\Windows\system32;C:\Windows;C:\Windows\System32\Wbem;C:\Windows\System32\WindowsPowerShell\v1.0\;C:\Windows\System32\OpenSSH\;C:\Program Files\dotnet\;C:\Program Files\Git\cmd;C:\Program Files\PuTTY\;C:\Users\super\AppData\Local\Microsoft\WindowsApps;C:\Users\super\AppData\Local\GitHubDesktop\bin;C:\Users\super\AppData\Local\JetBrains\Toolbox\scripts;
USERNAME=super
OS=Windows_NT
PROCESSOR_IDENTIFIER=AMD64 Family 25 Model 97 Stepping 2, AuthenticAMD
TMP=C:\Users\super\AppData\Local\Temp
TEMP=C:\Users\super\AppData\Local\Temp



Periodic native trim disabled


---------------  S Y S T E M  ---------------

OS:
 Windows 10 , 64 bit Build 19041 (10.0.19041.3636)
OS uptime: 0 days 2:07 hours

CPU: total 12 (initial active 12) (12 cores per cpu, 2 threads per core) family 25 model 97 stepping 2 microcode 0x0, cx8, cmov, fxsr, ht, mmx, 3dnowpref, sse, sse2, sse3, ssse3, sse4a, sse4.1, sse4.2, popcnt, lzcnt, tsc, tscinvbit, avx, avx2, aes, erms, clmul, bmi1, bmi2, adx, avx512f, avx512dq, avx512cd, avx512bw, avx512vl, sha, fma, vzeroupper, avx512_vpopcntdq, avx512_vpclmulqdq, avx512_vaes, avx512_vnni, clflush, clflushopt, avx512_vbmi2, avx512_vbmi
Processor Information for all 12 processors :
  Max Mhz: 4701, Current Mhz: 4701, Mhz Limit: 4701

Memory: 4k page, system-wide physical 32498M (18531M free)
TotalPageFile size 37362M (AvailPageFile size 14967M)
current process WorkingSet (physical memory assigned to process): 139M, peak: 139M
current process commit charge ("private bytes"): 813M, peak: 813M

vm_info: OpenJDK 64-Bit Server VM (17.0.9+9) for windows-amd64 JRE (17.0.9+9), built on Oct 26 2023 14:01:42 by "admin" with MS VC++ 16.10 / 16.11 (VS2019)

END.
